  Account.cpp
  Bank.cpp
C:\Users\hvale\OneDrive - University of Huddersfield\Year 2\Object Oriented Systems Development\cplusplus\TutorialThree\Bank\Bank\Bank.cpp(10,36): error C3867: 'Person::getName': non-standard syntax; use '&' to create a pointer to member
C:\Users\hvale\OneDrive - University of Huddersfield\Year 2\Object Oriented Systems Development\cplusplus\TutorialThree\Bank\Bank\Bank.cpp(10,36): error C2678: binary '==': no operator found which takes a left-hand operand of type 'overloaded-function' (or there is no acceptable conversion)
C:\Program Files (x86)\Microsoft Visual Studio\2019\Community\VC\Tools\MSVC\14.25.28610\include\xstring(4376,17): message : could be 'bool std::operator ==<char,std::char_traits<char>,std::allocator<char>>(const std::basic_string<char,std::char_traits<char>,std::allocator<char>> &,const std::basic_string<char,std::char_traits<char>,std::allocator<char>> &) noexcept'
C:\Users\hvale\OneDrive - University of Huddersfield\Year 2\Object Oriented Systems Development\cplusplus\TutorialThree\Bank\Bank\Bank.cpp(10,36): message : while trying to match the argument list '(overloaded-function, std::string)'
C:\Users\hvale\OneDrive - University of Huddersfield\Year 2\Object Oriented Systems Development\cplusplus\TutorialThree\Bank\Bank\Bank.cpp(37,29): error C3867: 'Person::getName': non-standard syntax; use '&' to create a pointer to member
C:\Users\hvale\OneDrive - University of Huddersfield\Year 2\Object Oriented Systems Development\cplusplus\TutorialThree\Bank\Bank\Bank.cpp(37,29): error C2678: binary '==': no operator found which takes a left-hand operand of type 'overloaded-function' (or there is no acceptable conversion)
C:\Program Files (x86)\Microsoft Visual Studio\2019\Community\VC\Tools\MSVC\14.25.28610\include\xstring(4376,17): message : could be 'bool std::operator ==<char,std::char_traits<char>,std::allocator<char>>(const std::basic_string<char,std::char_traits<char>,std::allocator<char>> &,const std::basic_string<char,std::char_traits<char>,std::allocator<char>> &) noexcept'
C:\Users\hvale\OneDrive - University of Huddersfield\Year 2\Object Oriented Systems Development\cplusplus\TutorialThree\Bank\Bank\Bank.cpp(37,29): message : while trying to match the argument list '(overloaded-function, std::string)'
C:\Users\hvale\OneDrive - University of Huddersfield\Year 2\Object Oriented Systems Development\cplusplus\TutorialThree\Bank\Bank\Bank.cpp(47,29): error C3867: 'Person::getName': non-standard syntax; use '&' to create a pointer to member
C:\Users\hvale\OneDrive - University of Huddersfield\Year 2\Object Oriented Systems Development\cplusplus\TutorialThree\Bank\Bank\Bank.cpp(47,29): error C2678: binary '==': no operator found which takes a left-hand operand of type 'overloaded-function' (or there is no acceptable conversion)
C:\Program Files (x86)\Microsoft Visual Studio\2019\Community\VC\Tools\MSVC\14.25.28610\include\xstring(4376,17): message : could be 'bool std::operator ==<char,std::char_traits<char>,std::allocator<char>>(const std::basic_string<char,std::char_traits<char>,std::allocator<char>> &,const std::basic_string<char,std::char_traits<char>,std::allocator<char>> &) noexcept'
C:\Users\hvale\OneDrive - University of Huddersfield\Year 2\Object Oriented Systems Development\cplusplus\TutorialThree\Bank\Bank\Bank.cpp(47,29): message : while trying to match the argument list '(overloaded-function, std::string)'
C:\Users\hvale\OneDrive - University of Huddersfield\Year 2\Object Oriented Systems Development\cplusplus\TutorialThree\Bank\Bank\Bank.cpp(57,29): error C3867: 'Person::getName': non-standard syntax; use '&' to create a pointer to member
C:\Users\hvale\OneDrive - University of Huddersfield\Year 2\Object Oriented Systems Development\cplusplus\TutorialThree\Bank\Bank\Bank.cpp(57,29): error C2678: binary '==': no operator found which takes a left-hand operand of type 'overloaded-function' (or there is no acceptable conversion)
C:\Program Files (x86)\Microsoft Visual Studio\2019\Community\VC\Tools\MSVC\14.25.28610\include\xstring(4376,17): message : could be 'bool std::operator ==<char,std::char_traits<char>,std::allocator<char>>(const std::basic_string<char,std::char_traits<char>,std::allocator<char>> &,const std::basic_string<char,std::char_traits<char>,std::allocator<char>> &) noexcept'
C:\Users\hvale\OneDrive - University of Huddersfield\Year 2\Object Oriented Systems Development\cplusplus\TutorialThree\Bank\Bank\Bank.cpp(57,29): message : while trying to match the argument list '(overloaded-function, std::string)'
C:\Users\hvale\OneDrive - University of Huddersfield\Year 2\Object Oriented Systems Development\cplusplus\TutorialThree\Bank\Bank\Bank.cpp(67,29): error C3867: 'Person::getName': non-standard syntax; use '&' to create a pointer to member
C:\Users\hvale\OneDrive - University of Huddersfield\Year 2\Object Oriented Systems Development\cplusplus\TutorialThree\Bank\Bank\Bank.cpp(67,29): error C2678: binary '==': no operator found which takes a left-hand operand of type 'overloaded-function' (or there is no acceptable conversion)
C:\Program Files (x86)\Microsoft Visual Studio\2019\Community\VC\Tools\MSVC\14.25.28610\include\xstring(4376,17): message : could be 'bool std::operator ==<char,std::char_traits<char>,std::allocator<char>>(const std::basic_string<char,std::char_traits<char>,std::allocator<char>> &,const std::basic_string<char,std::char_traits<char>,std::allocator<char>> &) noexcept'
C:\Users\hvale\OneDrive - University of Huddersfield\Year 2\Object Oriented Systems Development\cplusplus\TutorialThree\Bank\Bank\Bank.cpp(67,29): message : while trying to match the argument list '(overloaded-function, std::string)'
C:\Users\hvale\OneDrive - University of Huddersfield\Year 2\Object Oriented Systems Development\cplusplus\TutorialThree\Bank\Bank\Bank.cpp(77,29): error C3867: 'Person::getName': non-standard syntax; use '&' to create a pointer to member
C:\Users\hvale\OneDrive - University of Huddersfield\Year 2\Object Oriented Systems Development\cplusplus\TutorialThree\Bank\Bank\Bank.cpp(77,29): error C2678: binary '==': no operator found which takes a left-hand operand of type 'overloaded-function' (or there is no acceptable conversion)
C:\Program Files (x86)\Microsoft Visual Studio\2019\Community\VC\Tools\MSVC\14.25.28610\include\xstring(4376,17): message : could be 'bool std::operator ==<char,std::char_traits<char>,std::allocator<char>>(const std::basic_string<char,std::char_traits<char>,std::allocator<char>> &,const std::basic_string<char,std::char_traits<char>,std::allocator<char>> &) noexcept'
C:\Users\hvale\OneDrive - University of Huddersfield\Year 2\Object Oriented Systems Development\cplusplus\TutorialThree\Bank\Bank\Bank.cpp(77,29): message : while trying to match the argument list '(overloaded-function, std::string)'
C:\Users\hvale\OneDrive - University of Huddersfield\Year 2\Object Oriented Systems Development\cplusplus\TutorialThree\Bank\Bank\Bank.cpp(88,29): error C3867: 'Person::getName': non-standard syntax; use '&' to create a pointer to member
C:\Users\hvale\OneDrive - University of Huddersfield\Year 2\Object Oriented Systems Development\cplusplus\TutorialThree\Bank\Bank\Bank.cpp(88,29): error C2678: binary '==': no operator found which takes a left-hand operand of type 'overloaded-function' (or there is no acceptable conversion)
C:\Program Files (x86)\Microsoft Visual Studio\2019\Community\VC\Tools\MSVC\14.25.28610\include\xstring(4376,17): message : could be 'bool std::operator ==<char,std::char_traits<char>,std::allocator<char>>(const std::basic_string<char,std::char_traits<char>,std::allocator<char>> &,const std::basic_string<char,std::char_traits<char>,std::allocator<char>> &) noexcept'
C:\Users\hvale\OneDrive - University of Huddersfield\Year 2\Object Oriented Systems Development\cplusplus\TutorialThree\Bank\Bank\Bank.cpp(88,29): message : while trying to match the argument list '(overloaded-function, std::string)'
C:\Users\hvale\OneDrive - University of Huddersfield\Year 2\Object Oriented Systems Development\cplusplus\TutorialThree\Bank\Bank\Bank.cpp(98,29): error C3867: 'Person::getName': non-standard syntax; use '&' to create a pointer to member
C:\Users\hvale\OneDrive - University of Huddersfield\Year 2\Object Oriented Systems Development\cplusplus\TutorialThree\Bank\Bank\Bank.cpp(98,29): error C2678: binary '==': no operator found which takes a left-hand operand of type 'overloaded-function' (or there is no acceptable conversion)
C:\Program Files (x86)\Microsoft Visual Studio\2019\Community\VC\Tools\MSVC\14.25.28610\include\xstring(4376,17): message : could be 'bool std::operator ==<char,std::char_traits<char>,std::allocator<char>>(const std::basic_string<char,std::char_traits<char>,std::allocator<char>> &,const std::basic_string<char,std::char_traits<char>,std::allocator<char>> &) noexcept'
C:\Users\hvale\OneDrive - University of Huddersfield\Year 2\Object Oriented Systems Development\cplusplus\TutorialThree\Bank\Bank\Bank.cpp(98,29): message : while trying to match the argument list '(overloaded-function, std::string)'
  Main.cpp
  CurrentAccount.cpp
  Person.cpp
C:\Users\hvale\OneDrive - University of Huddersfield\Year 2\Object Oriented Systems Development\cplusplus\TutorialThree\Bank\Bank\Person.cpp(20,47): error C3867: 'Account::getAccountNumber': non-standard syntax; use '&' to create a pointer to member
C:\Users\hvale\OneDrive - University of Huddersfield\Year 2\Object Oriented Systems Development\cplusplus\TutorialThree\Bank\Bank\Person.cpp(20,47): error C2446: '==': no conversion from 'int' to 'int (__thiscall Account::* )(void) const'
C:\Users\hvale\OneDrive - University of Huddersfield\Year 2\Object Oriented Systems Development\cplusplus\TutorialThree\Bank\Bank\Person.cpp(20,34): message : There are no conversions from integral values to pointer-to-member values
C:\Users\hvale\OneDrive - University of Huddersfield\Year 2\Object Oriented Systems Development\cplusplus\TutorialThree\Bank\Bank\Person.cpp(32,47): error C3867: 'Account::getAccountNumber': non-standard syntax; use '&' to create a pointer to member
C:\Users\hvale\OneDrive - University of Huddersfield\Year 2\Object Oriented Systems Development\cplusplus\TutorialThree\Bank\Bank\Person.cpp(32,47): error C2446: '==': no conversion from 'int' to 'int (__thiscall Account::* )(void) const'
C:\Users\hvale\OneDrive - University of Huddersfield\Year 2\Object Oriented Systems Development\cplusplus\TutorialThree\Bank\Bank\Person.cpp(32,34): message : There are no conversions from integral values to pointer-to-member values
C:\Users\hvale\OneDrive - University of Huddersfield\Year 2\Object Oriented Systems Development\cplusplus\TutorialThree\Bank\Bank\Person.cpp(44,53): error C3867: 'Account::getAccountNumber': non-standard syntax; use '&' to create a pointer to member
C:\Users\hvale\OneDrive - University of Huddersfield\Year 2\Object Oriented Systems Development\cplusplus\TutorialThree\Bank\Bank\Person.cpp(57,47): error C3867: 'Account::getAccountNumber': non-standard syntax; use '&' to create a pointer to member
C:\Users\hvale\OneDrive - University of Huddersfield\Year 2\Object Oriented Systems Development\cplusplus\TutorialThree\Bank\Bank\Person.cpp(57,47): error C2446: '==': no conversion from 'int' to 'int (__thiscall Account::* )(void) const'
C:\Users\hvale\OneDrive - University of Huddersfield\Year 2\Object Oriented Systems Development\cplusplus\TutorialThree\Bank\Bank\Person.cpp(57,34): message : There are no conversions from integral values to pointer-to-member values
C:\Users\hvale\OneDrive - University of Huddersfield\Year 2\Object Oriented Systems Development\cplusplus\TutorialThree\Bank\Bank\Person.cpp(67,47): error C3867: 'Account::getAccountNumber': non-standard syntax; use '&' to create a pointer to member
C:\Users\hvale\OneDrive - University of Huddersfield\Year 2\Object Oriented Systems Development\cplusplus\TutorialThree\Bank\Bank\Person.cpp(67,47): error C2446: '==': no conversion from 'int' to 'int (__thiscall Account::* )(void) const'
C:\Users\hvale\OneDrive - University of Huddersfield\Year 2\Object Oriented Systems Development\cplusplus\TutorialThree\Bank\Bank\Person.cpp(67,34): message : There are no conversions from integral values to pointer-to-member values
C:\Users\hvale\OneDrive - University of Huddersfield\Year 2\Object Oriented Systems Development\cplusplus\TutorialThree\Bank\Bank\Person.cpp(82,47): error C3867: 'Account::getAccountNumber': non-standard syntax; use '&' to create a pointer to member
C:\Users\hvale\OneDrive - University of Huddersfield\Year 2\Object Oriented Systems Development\cplusplus\TutorialThree\Bank\Bank\Person.cpp(82,47): error C2446: '==': no conversion from 'int' to 'int (__thiscall Account::* )(void) const'
C:\Users\hvale\OneDrive - University of Huddersfield\Year 2\Object Oriented Systems Development\cplusplus\TutorialThree\Bank\Bank\Person.cpp(82,34): message : There are no conversions from integral values to pointer-to-member values
C:\Users\hvale\OneDrive - University of Huddersfield\Year 2\Object Oriented Systems Development\cplusplus\TutorialThree\Bank\Bank\Person.cpp(91,23): error C3867: 'std::vector<Account *,std::allocator<Account *>>::size': non-standard syntax; use '&' to create a pointer to member
C:\Users\hvale\OneDrive - University of Huddersfield\Year 2\Object Oriented Systems Development\cplusplus\TutorialThree\Bank\Bank\Person.cpp(91,23): error C2296: '>': illegal, left operand has type 'unsigned int (__thiscall std::vector<Account *,std::allocator<Account *>>::* )(void) noexcept const'
C:\Users\hvale\OneDrive - University of Huddersfield\Year 2\Object Oriented Systems Development\cplusplus\TutorialThree\Bank\Bank\Person.cpp(91,23): error C2297: '>': illegal, right operand has type 'unsigned int (__thiscall std::vector<Account *,std::allocator<Account *>>::* )(void) noexcept const'
C:\Users\hvale\OneDrive - University of Huddersfield\Year 2\Object Oriented Systems Development\cplusplus\TutorialThree\Bank\Bank\Person.cpp(93,37): error C3867: 'Account::printDetails': non-standard syntax; use '&' to create a pointer to member
  SavingsAccount.cpp
C:\Users\hvale\OneDrive - University of Huddersfield\Year 2\Object Oriented Systems Development\cplusplus\TutorialThree\Bank\Bank\SavingsAccount.cpp(39,65): error C3867: 'SavingsAccount::getInterestAmount': non-standard syntax; use '&' to create a pointer to member
C:\Users\hvale\OneDrive - University of Huddersfield\Year 2\Object Oriented Systems Development\cplusplus\TutorialThree\Bank\Bank\SavingsAccount.cpp(39,81): error C3867: 'SavingsAccount::getYears': non-standard syntax; use '&' to create a pointer to member
  Generating Code...
C:\Users\hvale\OneDrive - University of Huddersfield\Year 2\Object Oriented Systems Development\cplusplus\TutorialThree\Bank\Bank\Main.cpp(75): error C4700: uninitialized local variable 'interest' used
